{"name": "Add Website", "status": "broken", "statusDetails": {"message": "selenium.common.exceptions.NoSuchElementException: Message: no such element: Unable to locate element: {\"method\":\"xpath\",\"selector\":\"//div[@class='logout-section']\"}\n  (Session info: chrome=126.0.6478.127); For documentation on this error, please visit: https://www.selenium.dev/documentation/webdriver/troubleshooting/errors#no-such-element-exception\nStacktrace:\n0   chromedriver                        0x00000001079150e8 chromedriver + 5169384\n1   chromedriver                        0x000000010790cfba chromedriver + 5136314\n2   chromedriver                        0x000000010748936c chromedriver + 402284\n3   chromedriver                        0x00000001074d6740 chromedriver + 718656\n4   chromedriver                        0x00000001074d6a01 chromedriver + 719361\n5   chromedriver                        0x000000010751bbc4 chromedriver + 1002436\n6   chromedriver                        0x00000001074f9add chromedriver + 862941\n7   chromedriver                        0x0000000107518f57 chromedriver + 991063\n8   chromedriver                        0x00000001074f9853 chromedriver + 862291\n9   chromedriver                        0x00000001074c95c6 chromedriver + 665030\n10  chromedriver                        0x00000001074c9e4e chromedriver + 667214\n11  chromedriver                        0x00000001078d7d00 chromedriver + 4918528\n12  chromedriver                        0x00000001078dccfd chromedriver + 4939005\n13  chromedriver                        0x00000001078dd3d5 chromedriver + 4940757\n14  chromedriver                        0x00000001078b8de4 chromedriver + 4791780\n15  chromedriver                        0x00000001078dd6c9 chromedriver + 4941513\n16  chromedriver                        0x00000001078aa5b4 chromedriver + 4732340\n17  chromedriver                        0x00000001078fd898 chromedriver + 5073048\n18  chromedriver                        0x00000001078fda57 chromedriver + 5073495\n19  chromedriver                        0x000000010790cb6e chromedriver + 5135214\n20  libsystem_pthread.dylib             0x00007ff805d9e4e1 _pthread_start + 125\n21  libsystem_pthread.dylib             0x00007ff805d99f6b thread_start + 15", "trace": "self = <CrawlReport.Test_Crawl object at 0x1217849a0>\n\n    @allure.title(\"Add Website\")\n    @allure.description('Check add site')\n    def test_addsite(self):\n    \n        crawl = Web_Add_Site()\n>       crawl.logout_login()\n\nReports/CrawlReport.py:31: \n_ _ _ _ _ _ _ _ _ _ _ _ _ _ _ _ _ _ _ _ _ _ _ _ _ _ _ _ _ _ _ _ _ _ _ _ _ _ _ _ _ _ _ _ _ _ _ _ _ _ _ _ _ _ _ _ _ _ _ _ _ _ _ _ _ _ _ _ _ _ _ _ _ _ _ _ _ _ _ _ \nutils/launch.py:123: in logout_login\n    logout_element = self.driver.find_element(By.XPATH, logout_xpath)\nvenv/lib/python3.9/site-packages/selenium/webdriver/remote/webdriver.py:741: in find_element\n    return self.execute(Command.FIND_ELEMENT, {\"using\": by, \"value\": value})[\"value\"]\nvenv/lib/python3.9/site-packages/selenium/webdriver/remote/webdriver.py:347: in execute\n    self.error_handler.check_response(response)\n_ _ _ _ _ _ _ _ _ _ _ _ _ _ _ _ _ _ _ _ _ _ _ _ _ _ _ _ _ _ _ _ _ _ _ _ _ _ _ _ _ _ _ _ _ _ _ _ _ _ _ _ _ _ _ _ _ _ _ _ _ _ _ _ _ _ _ _ _ _ _ _ _ _ _ _ _ _ _ _ \n\nself = <selenium.webdriver.remote.errorhandler.ErrorHandler object at 0x10f5d6040>\nresponse = {'status': 404, 'value': '{\"value\":{\"error\":\"no such element\",\"message\":\"no such element: Unable to locate element: {\\...ff805d9e4e1 _pthread_start + 125\\\\n21  libsystem_pthread.dylib             0x00007ff805d99f6b thread_start + 15\\\\n\"}}'}\n\n    def check_response(self, response: Dict[str, Any]) -> None:\n        \"\"\"Checks that a JSON response from the WebDriver does not have an\n        error.\n    \n        :Args:\n         - response - The JSON response from the WebDriver server as a dictionary\n           object.\n    \n        :Raises: If the response contains an error message.\n        \"\"\"\n        status = response.get(\"status\", None)\n        if not status or status == ErrorCode.SUCCESS:\n            return\n        value = None\n        message = response.get(\"message\", \"\")\n        screen: str = response.get(\"screen\", \"\")\n        stacktrace = None\n        if isinstance(status, int):\n            value_json = response.get(\"value\", None)\n            if value_json and isinstance(value_json, str):\n                import json\n    \n                try:\n                    value = json.loads(value_json)\n                    if len(value) == 1:\n                        value = value[\"value\"]\n                    status = value.get(\"error\", None)\n                    if not status:\n                        status = value.get(\"status\", ErrorCode.UNKNOWN_ERROR)\n                        message = value.get(\"value\") or value.get(\"message\")\n                        if not isinstance(message, str):\n                            value = message\n                            message = message.get(\"message\")\n                    else:\n                        message = value.get(\"message\", None)\n                except ValueError:\n                    pass\n    \n        exception_class: Type[WebDriverException]\n        e = ErrorCode()\n        error_codes = [item for item in dir(e) if not item.startswith(\"__\")]\n        for error_code in error_codes:\n            error_info = getattr(ErrorCode, error_code)\n            if isinstance(error_info, list) and status in error_info:\n                exception_class = getattr(ExceptionMapping, error_code, WebDriverException)\n                break\n        else:\n            exception_class = WebDriverException\n    \n        if not value:\n            value = response[\"value\"]\n        if isinstance(value, str):\n            raise exception_class(value)\n        if message == \"\" and \"message\" in value:\n            message = value[\"message\"]\n    \n        screen = None  # type: ignore[assignment]\n        if \"screen\" in value:\n            screen = value[\"screen\"]\n    \n        stacktrace = None\n        st_value = value.get(\"stackTrace\") or value.get(\"stacktrace\")\n        if st_value:\n            if isinstance(st_value, str):\n                stacktrace = st_value.split(\"\\n\")\n            else:\n                stacktrace = []\n                try:\n                    for frame in st_value:\n                        line = frame.get(\"lineNumber\", \"\")\n                        file = frame.get(\"fileName\", \"<anonymous>\")\n                        if line:\n                            file = f\"{file}:{line}\"\n                        meth = frame.get(\"methodName\", \"<anonymous>\")\n                        if \"className\" in frame:\n                            meth = f\"{frame['className']}.{meth}\"\n                        msg = \"    at %s (%s)\"\n                        msg = msg % (meth, file)\n                        stacktrace.append(msg)\n                except TypeError:\n                    pass\n        if exception_class == UnexpectedAlertPresentException:\n            alert_text = None\n            if \"data\" in value:\n                alert_text = value[\"data\"].get(\"text\")\n            elif \"alert\" in value:\n                alert_text = value[\"alert\"].get(\"text\")\n            raise exception_class(message, screen, stacktrace, alert_text)  # type: ignore[call-arg]  # mypy is not smart enough here\n>       raise exception_class(message, screen, stacktrace)\nE       selenium.common.exceptions.NoSuchElementException: Message: no such element: Unable to locate element: {\"method\":\"xpath\",\"selector\":\"//div[@class='logout-section']\"}\nE         (Session info: chrome=126.0.6478.127); For documentation on this error, please visit: https://www.selenium.dev/documentation/webdriver/troubleshooting/errors#no-such-element-exception\nE       Stacktrace:\nE       0   chromedriver                        0x00000001079150e8 chromedriver + 5169384\nE       1   chromedriver                        0x000000010790cfba chromedriver + 5136314\nE       2   chromedriver                        0x000000010748936c chromedriver + 402284\nE       3   chromedriver                        0x00000001074d6740 chromedriver + 718656\nE       4   chromedriver                        0x00000001074d6a01 chromedriver + 719361\nE       5   chromedriver                        0x000000010751bbc4 chromedriver + 1002436\nE       6   chromedriver                        0x00000001074f9add chromedriver + 862941\nE       7   chromedriver                        0x0000000107518f57 chromedriver + 991063\nE       8   chromedriver                        0x00000001074f9853 chromedriver + 862291\nE       9   chromedriver                        0x00000001074c95c6 chromedriver + 665030\nE       10  chromedriver                        0x00000001074c9e4e chromedriver + 667214\nE       11  chromedriver                        0x00000001078d7d00 chromedriver + 4918528\nE       12  chromedriver                        0x00000001078dccfd chromedriver + 4939005\nE       13  chromedriver                        0x00000001078dd3d5 chromedriver + 4940757\nE       14  chromedriver                        0x00000001078b8de4 chromedriver + 4791780\nE       15  chromedriver                        0x00000001078dd6c9 chromedriver + 4941513\nE       16  chromedriver                        0x00000001078aa5b4 chromedriver + 4732340\nE       17  chromedriver                        0x00000001078fd898 chromedriver + 5073048\nE       18  chromedriver                        0x00000001078fda57 chromedriver + 5073495\nE       19  chromedriver                        0x000000010790cb6e chromedriver + 5135214\nE       20  libsystem_pthread.dylib             0x00007ff805d9e4e1 _pthread_start + 125\nE       21  libsystem_pthread.dylib             0x00007ff805d99f6b thread_start + 15\n\nvenv/lib/python3.9/site-packages/selenium/webdriver/remote/errorhandler.py:229: NoSuchElementException"}, "description": "Check add site", "start": 1721035377065, "stop": 1721035428140, "uuid": "a11ab26f-b3b6-4cb0-a867-04fa9f29ec4e", "historyId": "7cc7ad82d08d078be714abdce11f5cc6", "testCaseId": "7cc7ad82d08d078be714abdce11f5cc6", "fullName": "Reports.CrawlReport.Test_Crawl#test_addsite", "labels": [{"name": "severity", "value": "normal"}, {"name": "parentSuite", "value": "Reports"}, {"name": "suite", "value": "CrawlReport"}, {"name": "subSuite", "value": "Test_Crawl"}, {"name": "host", "value": "Pro66.local"}, {"name": "thread", "value": "3928-MainThread"}, {"name": "framework", "value": "pytest"}, {"name": "language", "value": "cpython3"}, {"name": "package", "value": "Reports.CrawlReport"}]}